<?xml version="1.0" encoding="UTF-8"?>
<!-- Generated by org.testng.reporters.JUnitReportReporter -->
<testsuite hostname="DESKTOP-LGCQI8B" failures="0" tests="6" name="tests.ProductsPageTest" time="2.337" errors="0" timestamp="30 Sep 2021 23:32:51 GMT" skipped="0">
  <testcase classname="tests.ProductsPageTest" name="UserCanLoginSuccessfully" time="1.167"/>
  <testcase classname="tests.ProductsPageTest" name="UserCanAddProductToCartSuccessfully" time="0.163"/>
  <testcase classname="tests.ProductsPageTest" name="UserCanClickOnCartIcon" time="0.088"/>
  <testcase classname="tests.ProductsPageTest" name="ConfirmCheckout" time="0.229"/>
  <testcase classname="tests.ProductsPageTest" name="ContinueCheckout" time="0.536"/>
  <testcase classname="tests.ProductsPageTest" name="checkoutOverview" time="0.154"/>
</testsuite> <!-- tests.ProductsPageTest -->
