<?xml version="1.0" encoding="UTF-8"?>
<!-- Generated by org.testng.reporters.JUnitReportReporter -->
<testsuite hostname="DESKTOP-LGCQI8B" failures="0" tests="1" name="tests.UserLoginTest" time="0.711" errors="0" timestamp="29 Sep 2021 18:37:30 GMT" skipped="0">
  <testcase classname="tests.UserLoginTest" name="UserCanLoginSuccessfully" time="0.711"/>
</testsuite> <!-- tests.UserLoginTest -->
